# üìÉ Recent 1000 Order 
## Write sql query to project Tthe most recent 1000 ORDERS with customers information

```sql
SELECT O.ORDER_ID , CONCAT (C.First_Name,' ' , C.Last_Name )AS "Full Name" , C.EMAIL
FROM ORDERS O 
JOIN Customer C 
	ON O.Customer_Id = C.Customer_Id
ORDER BY O.ORDER_DATE DESC 
LIMIT 1000;
```

---

# üöÄ Optimization Analysis: Recent 1000 Orders with Customer Information

## Original Query
```sql
 SELECT O.ORDER_ID, CONCAT(C.First_Name, ' ', C.Last_Name) AS "Full Name", C.EMAIL
 FROM Customer C
 JOIN ORDERS O ON O.Customer_Id = C.Customer_Id
 ORDER BY O.ORDER_DATE DESC 
 LIMIT 1000;
```
## Performance Benchmarks

### 1. Before Any Optimization
**Execution Plan:**
> -- -> Limit: 1000 row(s) (cost=1.07e+6 rows=1000) (actual time=1577..1663)
> --     -> Nested loop join (cost=1.07e+6 rows=2e+6) (actual time=1577..1663)
> --         -> Sort: o.order_date DESC (cost=204384 rows=2e+6) (actual time=1576..1576)
> --             ->üêå Table scan on O (cost=204384 rows=2e+6) (actual time=6.12..982)

**Key Observations:**
- Full table scan of 2M orders
- Sorts all 2M records before limiting
- Total execution: ~1663ms


### 2. Correct Composite Index
**Optimal Index:**
> CREATE INDEX idx_orders_customer_date ON Orders(Customer_Id, Order_Date DESC);

**Execution Plan:**
> -- -> Limit: 1000 row(s) (cost=2.05e+6 rows=1000) (actual time=1400..1519)
> --     -> Nested loop join (cost=2.05e+6 rows=2e+6) (actual time=1400..1519)
> --         -> Sort: o.order_date DESC (cost=202310 rows=2e+6) (actual time=1400..1400)
> --             ->üêá Index scan on O using idx_orders_customer_date (cost=202310 rows=2e+6) (actual time=1.02..684)

**Improvements:**
- 9% faster than single-column attempt (1563ms ‚Üí 1519ms)
- 14% faster than original (1663ms ‚Üí 1519ms)
- Table scan ‚Üí Index scan (6.12ms ‚Üí 1.02ms initial access)
- Full scan time reduced by 18% (982ms ‚Üí 831ms ‚Üí 684ms)

## Why The Sort Still Appears

The `Sort: o.order_date DESC` operation remains because:
1. MySQL doesn't fully utilize index ordering for this join pattern
2. The optimizer chooses to materialize results before joining
3. The composite index helps but doesn't eliminate sorting entirely

## üöÄ Further Optimization

1. **Query Restructuring**:
```sql
 SELECT O.ORDER_ID, CONCAT (C.First_Name,' ' , C.Last_Name ), C.EMAIL
 FROM (
     SELECT Order_Id, Customer_Id, Order_Date 
     FROM ORDERS
     ORDER BY Order_Date DESC
     LIMIT 1000
 ) O
 JOIN Customer C ON O.Customer_Id = C.Customer_Id;
```
**The analysis of the reuslt :**

```sql
 -> Nested loop inner join  (cost=979 rows=1000) (actual time=678..803 rows=1000 loops=1)
    -> Filter: (o.Customer_Id is not null)  (cost=202208..115 rows=1000) (actual time=678..678 rows=1000 loops=1)
        -> Table scan on O  (cost=202410..202425 rows=1000) (actual time=678..678 rows=1000 loops=1)
            -> Materialize  (cost=202410..202410 rows=1000) (actual time=678..678 rows=1000 loops=1)
                -> Limit: 1000 row(s)  (cost=202310 rows=1000) (actual time=678..678 rows=1000 loops=1)
                    -> Sort: orders.order_date DESC, limit input to 1000 row(s) per chunk  (cost=202310 rows=2e+6) (actual time=678..678 rows=1000 loops=1)
                        -> Index scan on ORDERS using idx_orders_customer_date  (cost=202310 rows=2e+6) (actual time=1.14..461 rows=2e+6 loops=1)
```

2. **Covering Index**:

```sql
 CREATE INDEX idx_orders_covering ON Orders(Order_Date DESC, Customer_Id, Order_Id); -- this too optional because we have this index already `idx_orders_customer_date`
```

3. **For Production Systems**:
- we can partition by date ranges
- Also we can implement materialized views for frequent queries
- Explore query hints if needed

---

# üèÜ Query Optimization Comparison: Recent 1000 Orders

## Performance Metrics Comparison

| Optimization Stage          | Total Time | Initial Access | Sort Time | Join Cost | Scan Type          | Rows Processed |
|-----------------------------|------------|----------------|-----------|-----------|--------------------|----------------|
| **No Optimization**         | 1663ms     | 6.12ms         | 1576ms    | 1.07e+6   | Full table scan    | 2M rows        |
| **With Composite Index**    | 1519ms     | 1.02ms         | 1400ms    | 2.05e+6   | Index scan         | 2M rows        |
| **Restructured Query**      | 803ms      | 1.14ms         | 678ms     | 979       | Index scan (limit) | 1000 rows      |

## Key Improvements

1. **Execution Time Reduction**
   - Original: 1663ms ‚Üí Composite Index: 1519ms (9% faster)
   - Composite Index: 1519ms ‚Üí Restructured: 803ms (47% faster)
   - **Total Improvement:** 1663ms ‚Üí 803ms (52% faster)

2. **Data Processing**
   - Original & Composite Index: Processed 2M rows
   - Restructured: Processes only 1000 rows before join

3. **Join Cost**
   - Original: 1.07e+6 ‚Üí Composite: 2.05e+6 ‚Üí Restructured: 979 (99.9% reduction)

4. **Initial Access Time**
   - Original: 6.12ms ‚Üí Composite: 1.02ms ‚Üí Restructured: 1.14ms
   - 81% faster than original

## Why Restructured Query Wins

1. **Early Row Reduction**
   - Applies LIMIT before joining (1000 vs 2M rows)
   
2. **Efficient Materialization**
   - Creates temporary table with just needed columns

3. **Optimized Join**
   - Smaller dataset reduces join overhead significantly

4. **Better Index Utilization**
   - idx_orders_customer_date enables fast sorting